<?xml version="1.0" encoding="UTF-8"?>
<!-- Generated by org.testng.reporters.JUnitXMLReporter -->
<testsuite ignored="0" hostname="Preetijaiswal-IT" failures="0" tests="3" name="Command line test" time="36.107" errors="0" timestamp="2022-04-19T17:48:45 IST">
  <testcase classname="com.ro.qa.testcase.LoginPageTest" name="bankitLogoTest" time="0.225"/>
  <testcase classname="com.ro.qa.testcase.LoginPageTest" name="validateTitleTest" time="0.012"/>
  <testcase classname="com.ro.qa.testcase.LoginPageTest" name="loginTest" time="23.527"/>
</testsuite> <!-- Command line test -->
