<?xml version="1.0" encoding="UTF-8"?>
<!-- Generated by org.testng.reporters.JUnitXMLReporter -->
<testsuite ignored="0" hostname="Preetijaiswal-IT" failures="0" tests="1" name="Login Test" time="0.016" errors="0" timestamp="2022-01-07T14:24:44 IST">
  <testcase classname="extent_professional.Registration" name="@BeforeTest initialize" time="0.0">
    <failure type="java.lang.NullPointerException" message="Cannot invoke &amp;quot;com.aventstack.extentreports.ExtentReports.createTest(String)&amp;quot; because &amp;quot;extent_professional.Registration.exre&amp;quot; is null">
      <![CDATA[java.lang.NullPointerException: Cannot invoke "com.aventstack.extentreports.ExtentReports.createTest(String)" because "extent_professional.Registration.exre" is null
at extent_professional.Registration.initialize(Registration.java:26)
... Removed 24 stack frames]]>
    </failure>
  </testcase> <!-- @BeforeTest initialize -->
  <testcase classname="extent_professional.Registration" name="@AfterTest finish" time="-1.641545684778E9">
    <skipped/>
  </testcase> <!-- @AfterTest finish -->
  <testcase classname="extent_professional.Registration" name="Testing" time="0.0">
    <skipped/>
  </testcase> <!-- Testing -->
</testsuite> <!-- Login Test -->
