<?xml version="1.0" encoding="UTF-8"?>
<!-- Generated by org.testng.reporters.JUnitXMLReporter -->
<testsuite ignored="0" hostname="Preetijaiswal-IT" failures="0" tests="3" name="Test" time="0.717" errors="0" timestamp="2022-01-07T13:51:57 IST">
  <testcase classname="extent_professional.LogoutTest" name="Testing" time="0.008"/>
  <testcase classname="extent_professional.LoginTest1" name="Testing" time="0.004"/>
  <testcase classname="extent_professional.Registration" name="Testing" time="0.005"/>
</testsuite> <!-- Test -->
