<?xml version="1.0" encoding="UTF-8"?>
<!-- Generated by org.testng.reporters.JUnitXMLReporter -->
<testsuite ignored="1" hostname="Preetijaiswal-IT" failures="0" tests="1" name="Excel Test" time="7.965" errors="0" timestamp="2023-05-05T00:28:48 IST">
  <testcase classname="utilitity.ExcelReader" name="RentPayment" time="7.931"/>
  <testcase classname="utilitity.ExcelReader" name="ExcelReadeing" time="0.0">
    <ignored/>
  </testcase> <!-- ExcelReadeing -->
</testsuite> <!-- Excel Test -->
