<?xml version="1.0" encoding="UTF-8"?>
<!-- Generated by org.testng.reporters.JUnitXMLReporter -->
<testsuite ignored="0" hostname="Preetijaiswal-IT" failures="1" tests="1" name="RentPay Test" time="0.371" errors="0" timestamp="2023-05-05T00:28:40 IST">
  <testcase classname="testcase.RentPaymentClass" name="rentPayment" time="0.0">
    <failure type="org.testng.TestNGException" message="
Cannot inject @Test annotated Method [rentPayment] with [class java.lang.String, class java.lang.String, class java.lang.String, class java.lang.String, class java.lang.String, class java.lang.String, class java.lang.String, class java.lang.String].
For more information on native dependency injection please refer to https://testng.org/doc/documentation-main.html#native-dependency-injection">
      <![CDATA[org.testng.TestNGException: 
Cannot inject @Test annotated Method [rentPayment] with [class java.lang.String, class java.lang.String, class java.lang.String, class java.lang.String, class java.lang.String, class java.lang.String, class java.lang.String, class java.lang.String].
For more information on native dependency injection please refer to https://testng.org/doc/documentation-main.html#native-dependency-injection
at java.base/java.util.ArrayList.forEach(ArrayList.java:1511)
... Removed 35 stack frames]]>
    </failure>
  </testcase> <!-- rentPayment -->
</testsuite> <!-- RentPay Test -->
