<?xml version="1.0" encoding="UTF-8"?>
<testng-results ignored="0" total="1" passed="1" failed="0" skipped="0">
  <reporter-output>
  </reporter-output>
  <suite started-at="2022-04-15T13:21:28 IST" name="Default suite" finished-at="2022-04-15T13:21:44 IST" duration-ms="15294">
    <groups>
    </groups>
    <test started-at="2022-04-15T13:21:28 IST" name="Default test" finished-at="2022-04-15T13:21:44 IST" duration-ms="15294">
      <class name="MyTestDemo">
        <test-method is-config="true" signature="setUp()[pri:0, instance:MyTestDemo@194bcebf]" started-at="2022-04-15T13:21:28 IST" name="setUp" finished-at="2022-04-15T13:21:32 IST" duration-ms="3975" status="PASS">
          <reporter-output>
          </reporter-output>
        </test-method> <!-- setUp -->
        <test-method signature="browserRecord()[pri:0, instance:MyTestDemo@194bcebf]" started-at="2022-04-15T13:21:32 IST" name="browserRecord" finished-at="2022-04-15T13:21:43 IST" duration-ms="10940" status="PASS">
          <reporter-output>
          </reporter-output>
        </test-method> <!-- browserRecord -->
        <test-method is-config="true" signature="tearDown()[pri:0, instance:MyTestDemo@194bcebf]" started-at="2022-04-15T13:21:43 IST" name="tearDown" finished-at="2022-04-15T13:21:44 IST" duration-ms="335" status="PASS">
          <reporter-output>
          </reporter-output>
        </test-method> <!-- tearDown -->
      </class> <!-- MyTestDemo -->
    </test> <!-- Default test -->
  </suite> <!-- Default suite -->
</testng-results>
