<?xml version="1.0" encoding="UTF-8"?>
<testng-results ignored="0" total="1" passed="1" failed="0" skipped="0">
  <reporter-output>
  </reporter-output>
  <suite started-at="2022-04-14T11:06:41 IST" name="Default suite" finished-at="2022-04-14T11:06:44 IST" duration-ms="3054">
    <groups>
    </groups>
    <test started-at="2022-04-14T11:06:41 IST" name="Default test" finished-at="2022-04-14T11:06:44 IST" duration-ms="3054">
      <class name="com.pdfreader.PreetiResumePDFRead">
        <test-method signature="pdfContentDemo()[pri:0, instance:com.pdfreader.PreetiResumePDFRead@71238fc2]" started-at="2022-04-14T11:06:41 IST" name="pdfContentDemo" finished-at="2022-04-14T11:06:44 IST" duration-ms="3003" status="PASS">
          <reporter-output>
          </reporter-output>
        </test-method> <!-- pdfContentDemo -->
      </class> <!-- com.pdfreader.PreetiResumePDFRead -->
    </test> <!-- Default test -->
  </suite> <!-- Default suite -->
</testng-results>
