<?xml version="1.0" encoding="UTF-8"?>
<testng-results ignored="0" total="1" passed="1" failed="0" skipped="0">
  <reporter-output>
  </reporter-output>
  <suite started-at="2022-02-05T14:55:40 IST" name="Default suite" finished-at="2022-02-05T14:55:49 IST" duration-ms="8680">
    <groups>
    </groups>
    <test started-at="2022-02-05T14:55:40 IST" name="Default test" finished-at="2022-02-05T14:55:49 IST" duration-ms="8680">
      <class name="VerifyTitle">
        <test-method signature="Titlepage()[pri:0, instance:VerifyTitle@53fdffa1]" started-at="2022-02-05T14:55:41 IST" name="Titlepage" finished-at="2022-02-05T14:55:49 IST" duration-ms="8636" status="PASS">
          <reporter-output>
          </reporter-output>
        </test-method> <!-- Titlepage -->
      </class> <!-- VerifyTitle -->
    </test> <!-- Default test -->
  </suite> <!-- Default suite -->
</testng-results>
