<?xml version="1.0" encoding="UTF-8"?>
<!-- Generated by org.testng.reporters.JUnitXMLReporter -->
<testsuite ignored="2" hostname="Preetijaiswal-IT" failures="1" tests="2" name="Test" time="0.278" errors="0" timestamp="2022-02-11T00:59:36 IST">
  <testcase classname="executeTestCase.Reports" name="TestCase1" time="0.029">
    <failure type="java.lang.AssertionError" message="expected [true] but found [false]">
      <![CDATA[java.lang.AssertionError: expected [true] but found [false]
at executeTestCase.Reports.TestCase1(Reports.java:15)
at java.base/java.util.ArrayList.forEach(ArrayList.java:1511)
... Removed 31 stack frames]]>
    </failure>
  </testcase> <!-- TestCase1 -->
  <testcase classname="executeTestCase.Reports" name="TestCase2" time="0.005"/>
  <testcase classname="common.BaseTest" name="@BeforeSuite launchTest" time="0.0">
    <ignored/>
  </testcase> <!-- @BeforeSuite launchTest -->
  <testcase classname="common.BaseTest" name="@AfterSuite logoutTest" time="0.0">
    <ignored/>
  </testcase> <!-- @AfterSuite logoutTest -->
</testsuite> <!-- Test -->
