<?xml version="1.0" encoding="UTF-8"?>
<!-- Generated by org.testng.reporters.JUnitXMLReporter -->
<testsuite ignored="0" hostname="Preetijaiswal-IT" failures="0" tests="6" name="Test" time="0.052" errors="0" timestamp="2022-01-01T23:53:49 IST">
  <testcase classname="Bankit.Mavenjava.AppiumTest" name="FirstApp" time="0.005"/>
  <testcase classname="Bankit.Mavenjava.AppiumTest" name="SecondApp" time="0.001"/>
  <testcase classname="Bankit.Mavenjava.SeleniumTest" name="BrowserTest" time="0.001"/>
  <testcase classname="Bankit.Mavenjava.SeleniumTest" name="HomePage" time="0.001"/>
  <testcase classname="Bankit.Mavenjava.RestAssured" name="IOApp" time="0.001"/>
  <testcase classname="Bankit.Mavenjava.RestAssured" name="IOApp1" time="0.001"/>
</testsuite> <!-- Test -->
