<?xml version="1.0" encoding="UTF-8"?>
<testng-results ignored="0" total="2" passed="2" failed="0" skipped="0">
  <reporter-output>
  </reporter-output>
  <suite started-at="2023-07-23T23:02:22 IST" name="Default suite" finished-at="2023-07-23T23:03:06 IST" duration-ms="44288">
    <groups>
    </groups>
    <test started-at="2023-07-23T23:02:22 IST" name="Default test" finished-at="2023-07-23T23:03:06 IST" duration-ms="44288">
      <class name="com.testcase.AremitTestRunner">
        <test-method is-config="true" signature="logConfig()[pri:0, instance:com.testcase.AremitTestRunner@23c30a20]" started-at="2023-07-23T23:02:22 IST" name="logConfig" finished-at="2023-07-23T23:02:22 IST" duration-ms="7" status="PASS">
          <reporter-output>
          </reporter-output>
        </test-method> <!-- logConfig -->
        <test-method is-config="true" signature="setUp()[pri:0, instance:com.testcase.AremitTestRunner@23c30a20]" started-at="2023-07-23T23:02:22 IST" name="setUp" finished-at="2023-07-23T23:02:28 IST" duration-ms="6334" status="PASS">
          <reporter-output>
          </reporter-output>
        </test-method> <!-- setUp -->
        <test-method signature="AremitSenderReg()[pri:0, instance:com.testcase.AremitTestRunner@23c30a20]" started-at="2023-07-23T23:02:28 IST" name="AremitSenderReg" finished-at="2023-07-23T23:02:39 IST" duration-ms="11033" status="PASS">
          <reporter-output>
          </reporter-output>
        </test-method> <!-- AremitSenderReg -->
        <test-method is-config="true" signature="setUp()[pri:0, instance:com.testcase.AremitTestRunner@23c30a20]" started-at="2023-07-23T23:02:39 IST" name="setUp" finished-at="2023-07-23T23:02:44 IST" duration-ms="4855" status="PASS">
          <reporter-output>
          </reporter-output>
        </test-method> <!-- setUp -->
        <test-method is-config="true" signature="tearDown()[pri:0, instance:com.testcase.AremitTestRunner@23c30a20]" started-at="2023-07-23T23:02:39 IST" name="tearDown" finished-at="2023-07-23T23:02:39 IST" duration-ms="0" status="PASS">
          <reporter-output>
          </reporter-output>
        </test-method> <!-- tearDown -->
        <test-method signature="addRecip()[pri:0, instance:com.testcase.AremitTestRunner@23c30a20]" started-at="2023-07-23T23:02:44 IST" name="addRecip" finished-at="2023-07-23T23:03:06 IST" duration-ms="22022" status="PASS">
          <reporter-output>
          </reporter-output>
        </test-method> <!-- addRecip -->
        <test-method is-config="true" signature="tearDown()[pri:0, instance:com.testcase.AremitTestRunner@23c30a20]" started-at="2023-07-23T23:03:06 IST" name="tearDown" finished-at="2023-07-23T23:03:06 IST" duration-ms="0" status="PASS">
          <reporter-output>
          </reporter-output>
        </test-method> <!-- tearDown -->
      </class> <!-- com.testcase.AremitTestRunner -->
    </test> <!-- Default test -->
  </suite> <!-- Default suite -->
</testng-results>
