<?xml version="1.0" encoding="UTF-8"?>
<!-- Generated by org.testng.reporters.JUnitXMLReporter -->
<testsuite ignored="0" hostname="Preetijaiswal-IT" failures="1" tests="3" name="Test" time="0.078" errors="0" timestamp="2023-03-07T13:49:25 IST">
  <testcase classname="extentreport.TestCase2" name="doLogin" time="0.012"/>
  <testcase classname="extentreport.TestCase2" name="doUserReg" time="0.007">
    <failure type="java.lang.AssertionError" message="User Reg Test Failed">
      <![CDATA[java.lang.AssertionError: User Reg Test Failed
at extentreport.TestCase2.doUserReg(TestCase2.java:19)
at java.base/java.util.ArrayList.forEach(ArrayList.java:1511)
... Removed 28 stack frames]]>
    </failure>
  </testcase> <!-- doUserReg -->
  <testcase classname="extentreport.TestCase2" name="isSkip" time="0.002">
    <skipped/>
  </testcase> <!-- isSkip -->
</testsuite> <!-- Test -->
